12.18. 02.14.15 [HikariPool-13 housekeeper] [WARN] com.zaxxer.hikari.pool.HikariPool - HikariPool-13 - Thread starvation or clock leap detected (housekeeper delta=3h24s456ms421µs900ns).
12.18. 10.01.31 [HikariPool-13 housekeeper] [WARN] com.zaxxer.hikari.pool.HikariPool - HikariPool-13 - Thread starvation or clock leap detected (housekeeper delta=7h47m35s101ms222µs300ns).
12.18. 10.15.28 [File Watcher] [INFO] o.s.b.d.a.LocalDevToolsAutoConfiguration$RestartingClassPathChangeChangedEventListener - Restarting due to 2 class path changes (0 additions, 0 deletions, 2 modifications)
12.18. 10.15.28 [Thread-51] [INFO] o.a.coyote.http11.Http11NioProtocol - Pausing ProtocolHandler ["http-nio-9090"]
12.18. 10.15.28 [Thread-51] [INFO] o.a.catalina.core.StandardService - Stopping service [Tomcat]
12.18. 10.15.28 [Thread-51] [INFO] o.a.c.c.C.[Tomcat].[localhost].[/] - Destroying Spring FrameworkServlet 'dispatcherServlet'
12.18. 10.15.28 [Thread-51] [INFO] o.a.coyote.http11.Http11NioProtocol - Stopping ProtocolHandler ["http-nio-9090"]
12.18. 10.15.28 [Thread-51] [INFO] o.a.coyote.http11.Http11NioProtocol - Destroying ProtocolHandler ["http-nio-9090"]
12.18. 10.15.28 [Thread-51] [INFO] o.s.o.j.LocalContainerEntityManagerFactoryBean - Closing JPA EntityManagerFactory for persistence unit 'default'
12.18. 10.15.28 [Thread-51] [INFO] com.zaxxer.hikari.HikariDataSource - HikariPool-13 - Shutdown initiated...
12.18. 10.15.28 [Thread-51] [INFO] com.zaxxer.hikari.HikariDataSource - HikariPool-13 - Shutdown completed.
12.18. 10.15.29 [restartedMain] [INFO] o.s.d.r.c.RepositoryConfigurationDelegate - Bootstrapping Spring Data JPA repositories in DEFAULT mode.
12.18. 10.15.29 [restartedMain] [INFO] o.s.d.r.c.RepositoryConfigurationDelegate - Finished Spring Data repository scanning in 31 ms. Found 6 JPA repository interfaces.
12.18. 10.15.29 [restartedMain] [INFO] o.s.b.w.e.tomcat.TomcatWebServer - Tomcat initialized with port(s): 9090 (http)
12.18. 10.15.29 [restartedMain] [INFO] o.a.c.core.AprLifecycleListener - Loaded Apache Tomcat Native library [2.0.3] using APR version [1.7.2].
12.18. 10.15.29 [restartedMain] [INFO] o.a.c.core.AprLifecycleListener - APR capabilities: IPv6 [true], sendfile [true], accept filters [false], random [true], UDS [true].
12.18. 10.15.29 [restartedMain] [INFO] o.a.c.core.AprLifecycleListener - APR/OpenSSL configuration: useAprConnector [false], useOpenSSL [true]
12.18. 10.15.29 [restartedMain] [INFO] o.a.c.core.AprLifecycleListener - OpenSSL successfully initialized [OpenSSL 3.0.8 7 Feb 2023]
12.18. 10.15.29 [restartedMain] [INFO] o.a.coyote.http11.Http11NioProtocol - Initializing ProtocolHandler ["http-nio-9090"]
12.18. 10.15.29 [restartedMain] [INFO] o.a.catalina.core.StandardService - Starting service [Tomcat]
12.18. 10.15.29 [restartedMain] [INFO] o.a.catalina.core.StandardEngine - Starting Servlet engine: [Apache Tomcat/9.0.71]
12.18. 10.15.29 [restartedMain] [INFO] o.a.c.c.C.[Tomcat].[localhost].[/] - Initializing Spring embedded WebApplicationContext
12.18. 10.15.29 [restartedMain] [INFO] o.s.b.w.s.c.ServletWebServerApplicationContext - Root WebApplicationContext: initialization completed in 575 ms
12.18. 10.15.29 [restartedMain] [INFO] o.h.jpa.internal.util.LogHelper - HHH000204: Processing PersistenceUnitInfo [name: default]
12.18. 10.15.29 [restartedMain] [INFO] com.zaxxer.hikari.HikariDataSource - HikariPool-14 - Starting...
12.18. 10.15.29 [restartedMain] [INFO] com.zaxxer.hikari.HikariDataSource - HikariPool-14 - Start completed.
12.18. 10.15.29 [restartedMain] [INFO] org.hibernate.dialect.Dialect - HHH000400: Using dialect: org.hibernate.dialect.MySQL8Dialect
12.18. 10.15.29 [restartedMain] [INFO] o.h.e.t.j.p.i.JtaPlatformInitiator - HHH000490: Using JtaPlatform implementation: [org.hibernate.engine.transaction.jta.platform.internal.NoJtaPlatform]
12.18. 10.15.29 [restartedMain] [INFO] o.s.o.j.LocalContainerEntityManagerFactoryBean - Initialized JPA EntityManagerFactory for persistence unit 'default'
12.18. 10.15.30 [restartedMain] [INFO] o.s.s.web.DefaultSecurityFilterChain - Will secure any request with [org.springframework.security.web.session.DisableEncodeUrlFilter@7537b715, org.springframework.security.web.context.request.async.WebAsyncManagerIntegrationFilter@666160b, org.springframework.security.web.context.SecurityContextPersistenceFilter@22e955a7, org.springframework.security.web.header.HeaderWriterFilter@c919cde, org.springframework.security.web.authentication.logout.LogoutFilter@c5ccee8, org.springframework.security.web.savedrequest.RequestCacheAwareFilter@518a81a7, org.springframework.security.web.servletapi.SecurityContextHolderAwareRequestFilter@51fd9024, org.springframework.security.web.authentication.AnonymousAuthenticationFilter@62954fa7, org.springframework.security.web.session.SessionManagementFilter@2cf3297e, org.springframework.security.web.access.ExceptionTranslationFilter@7250380d, org.springframework.security.web.access.intercept.AuthorizationFilter@69554c1b]
12.18. 10.15.30 [restartedMain] [WARN] o.s.b.a.o.j.JpaBaseConfiguration$JpaWebConfiguration - spring.jpa.open-in-view is enabled by default. Therefore, database queries may be performed during view rendering. Explicitly configure spring.jpa.open-in-view to disable this warning
12.18. 10.15.30 [restartedMain] [INFO] o.s.b.d.a.OptionalLiveReloadServer - LiveReload server is running on port 35729
12.18. 10.15.30 [restartedMain] [INFO] o.a.coyote.http11.Http11NioProtocol - Starting ProtocolHandler ["http-nio-9090"]
12.18. 10.15.30 [restartedMain] [INFO] o.s.b.w.e.tomcat.TomcatWebServer - Tomcat started on port(s): 9090 (http) with context path ''
12.18. 10.15.30 [restartedMain] [INFO] o.s.b.d.a.ConditionEvaluationDeltaLoggingListener - Condition evaluation unchanged
12.18. 10.15.39 [RMI TCP Connection(151)-127.0.0.1] [INFO] o.s.b.a.SpringApplicationAdminMXBeanRegistrar$SpringApplicationAdmin - Application shutdown requested.
12.18. 10.15.39 [RMI TCP Connection(151)-127.0.0.1] [INFO] o.a.coyote.http11.Http11NioProtocol - Pausing ProtocolHandler ["http-nio-9090"]
12.18. 10.15.39 [RMI TCP Connection(151)-127.0.0.1] [INFO] o.a.catalina.core.StandardService - Stopping service [Tomcat]
12.18. 10.15.39 [RMI TCP Connection(151)-127.0.0.1] [INFO] o.a.coyote.http11.Http11NioProtocol - Stopping ProtocolHandler ["http-nio-9090"]
12.18. 10.15.39 [RMI TCP Connection(151)-127.0.0.1] [INFO] o.a.coyote.http11.Http11NioProtocol - Destroying ProtocolHandler ["http-nio-9090"]
12.18. 10.15.39 [RMI TCP Connection(151)-127.0.0.1] [INFO] o.s.o.j.LocalContainerEntityManagerFactoryBean - Closing JPA EntityManagerFactory for persistence unit 'default'
12.18. 10.15.39 [RMI TCP Connection(151)-127.0.0.1] [INFO] com.zaxxer.hikari.HikariDataSource - HikariPool-14 - Shutdown initiated...
12.18. 10.15.39 [RMI TCP Connection(151)-127.0.0.1] [INFO] com.zaxxer.hikari.HikariDataSource - HikariPool-14 - Shutdown completed.
12.18. 10.30.26 [main] [INFO] o.s.b.t.c.SpringBootTestContextBootstrapper - Neither @ContextConfiguration nor @ContextHierarchy found for test class [com.quizapp.DemoApplicationTests], using SpringBootContextLoader
12.18. 10.30.26 [main] [INFO] o.s.t.c.s.AbstractContextLoader - Could not detect default resource locations for test class [com.quizapp.DemoApplicationTests]: no resource found for suffixes {-context.xml, Context.groovy}.
12.18. 10.30.26 [main] [INFO] o.s.t.c.s.AnnotationConfigContextLoaderUtils - Could not detect default configuration classes for test class [com.quizapp.DemoApplicationTests]: DemoApplicationTests does not declare any static, non-private, non-final, nested classes annotated with @Configuration.
12.18. 10.30.26 [main] [INFO] o.s.b.t.c.SpringBootTestContextBootstrapper - Found @SpringBootConfiguration com.quizapp.OnlineQuizApplication for test class com.quizapp.DemoApplicationTests
12.18. 10.30.26 [main] [INFO] o.s.b.t.c.SpringBootTestContextBootstrapper - Loaded default TestExecutionListener class names from location [META-INF/spring.factories]: [org.springframework.boot.test.mock.mockito.MockitoTestExecutionListener, org.springframework.boot.test.mock.mockito.ResetMocksTestExecutionListener, org.springframework.boot.test.autoconfigure.restdocs.RestDocsTestExecutionListener, org.springframework.boot.test.autoconfigure.web.client.MockRestServiceServerResetTestExecutionListener, org.springframework.boot.test.autoconfigure.web.servlet.MockMvcPrintOnlyOnFailureTestExecutionListener, org.springframework.boot.test.autoconfigure.web.servlet.WebDriverTestExecutionListener, org.springframework.boot.test.autoconfigure.webservices.client.MockWebServiceServerTestExecutionListener, org.springframework.test.context.web.ServletTestExecutionListener, org.springframework.test.context.support.DirtiesContextBeforeModesTestExecutionListener, org.springframework.test.context.event.ApplicationEventsTestExecutionListener, org.springframework.test.context.support.DependencyInjectionTestExecutionListener, org.springframework.test.context.support.DirtiesContextTestExecutionListener, org.springframework.test.context.transaction.TransactionalTestExecutionListener, org.springframework.test.context.jdbc.SqlScriptsTestExecutionListener, org.springframework.test.context.event.EventPublishingTestExecutionListener]
12.18. 10.30.26 [main] [INFO] o.s.b.t.c.SpringBootTestContextBootstrapper - Using TestExecutionListeners: [org.springframework.test.context.web.ServletTestExecutionListener@7c041b41, org.springframework.test.context.support.DirtiesContextBeforeModesTestExecutionListener@7f69d591, org.springframework.test.context.event.ApplicationEventsTestExecutionListener@61078690, org.springframework.boot.test.mock.mockito.MockitoTestExecutionListener@1cb3ec38, org.springframework.boot.test.autoconfigure.SpringBootDependencyInjectionTestExecutionListener@403132fc, org.springframework.test.context.support.DirtiesContextTestExecutionListener@71c5b236, org.springframework.test.context.transaction.TransactionalTestExecutionListener@2cab9998, org.springframework.test.context.jdbc.SqlScriptsTestExecutionListener@2f7a7219, org.springframework.test.context.event.EventPublishingTestExecutionListener@669513d8, org.springframework.boot.test.mock.mockito.ResetMocksTestExecutionListener@3a1d593e, org.springframework.boot.test.autoconfigure.restdocs.RestDocsTestExecutionListener@4a8a60bc, org.springframework.boot.test.autoconfigure.web.client.MockRestServiceServerResetTestExecutionListener@361c294e, org.springframework.boot.test.autoconfigure.web.servlet.MockMvcPrintOnlyOnFailureTestExecutionListener@7859e786, org.springframework.boot.test.autoconfigure.web.servlet.WebDriverTestExecutionListener@285d851a, org.springframework.boot.test.autoconfigure.webservices.client.MockWebServiceServerTestExecutionListener@314b8f2d]
12.18. 10.30.27 [background-preinit] [INFO] o.h.validator.internal.util.Version - HV000001: Hibernate Validator 6.2.5.Final
12.18. 10.30.29 [main] [INFO] o.s.d.r.c.RepositoryConfigurationDelegate - Bootstrapping Spring Data JPA repositories in DEFAULT mode.
12.18. 10.30.29 [main] [INFO] o.s.d.r.c.RepositoryConfigurationDelegate - Finished Spring Data repository scanning in 140 ms. Found 6 JPA repository interfaces.
12.18. 10.30.30 [main] [INFO] o.h.jpa.internal.util.LogHelper - HHH000204: Processing PersistenceUnitInfo [name: default]
12.18. 10.30.30 [main] [INFO] org.hibernate.Version - HHH000412: Hibernate ORM core version 5.6.14.Final
12.18. 10.30.31 [main] [INFO] o.h.annotations.common.Version - HCANN000001: Hibernate Commons Annotations {5.1.2.Final}
12.18. 10.30.31 [main] [INFO] com.zaxxer.hikari.HikariDataSource - HikariPool-1 - Starting...
12.18. 10.30.32 [main] [INFO] com.zaxxer.hikari.HikariDataSource - HikariPool-1 - Start completed.
12.18. 10.30.32 [main] [INFO] org.hibernate.dialect.Dialect - HHH000400: Using dialect: org.hibernate.dialect.MySQL8Dialect
12.18. 10.30.34 [main] [INFO] o.h.e.t.j.p.i.JtaPlatformInitiator - HHH000490: Using JtaPlatform implementation: [org.hibernate.engine.transaction.jta.platform.internal.NoJtaPlatform]
12.18. 10.30.34 [main] [INFO] o.s.o.j.LocalContainerEntityManagerFactoryBean - Initialized JPA EntityManagerFactory for persistence unit 'default'
12.18. 10.30.36 [main] [INFO] o.s.s.web.DefaultSecurityFilterChain - Will secure any request with [org.springframework.security.web.session.DisableEncodeUrlFilter@5a20f793, org.springframework.security.web.context.request.async.WebAsyncManagerIntegrationFilter@211cf27b, org.springframework.security.web.context.SecurityContextPersistenceFilter@62158618, org.springframework.security.web.header.HeaderWriterFilter@5418893c, org.springframework.security.web.authentication.logout.LogoutFilter@2d4f1ddd, org.springframework.security.web.savedrequest.RequestCacheAwareFilter@442151d1, org.springframework.security.web.servletapi.SecurityContextHolderAwareRequestFilter@62ba3045, org.springframework.security.web.authentication.AnonymousAuthenticationFilter@4e0139, org.springframework.security.web.session.SessionManagementFilter@7611e295, org.springframework.security.web.access.ExceptionTranslationFilter@7da9b32c, org.springframework.security.web.access.intercept.AuthorizationFilter@151f1734]
12.18. 10.30.36 [main] [WARN] o.s.b.a.o.j.JpaBaseConfiguration$JpaWebConfiguration - spring.jpa.open-in-view is enabled by default. Therefore, database queries may be performed during view rendering. Explicitly configure spring.jpa.open-in-view to disable this warning
12.18. 10.30.38 [main] [INFO] o.s.b.t.c.SpringBootTestContextBootstrapper - Neither @ContextConfiguration nor @ContextHierarchy found for test class [com.quizapp.OnlineQuizApplicationTests], using SpringBootContextLoader
12.18. 10.30.38 [main] [INFO] o.s.t.c.s.AbstractContextLoader - Could not detect default resource locations for test class [com.quizapp.OnlineQuizApplicationTests]: no resource found for suffixes {-context.xml, Context.groovy}.
12.18. 10.30.38 [main] [INFO] o.s.t.c.s.AnnotationConfigContextLoaderUtils - Could not detect default configuration classes for test class [com.quizapp.OnlineQuizApplicationTests]: OnlineQuizApplicationTests does not declare any static, non-private, non-final, nested classes annotated with @Configuration.
12.18. 10.30.38 [main] [INFO] o.s.b.t.c.SpringBootTestContextBootstrapper - Found @SpringBootConfiguration com.quizapp.OnlineQuizApplication for test class com.quizapp.OnlineQuizApplicationTests
12.18. 10.30.38 [main] [INFO] o.s.b.t.c.SpringBootTestContextBootstrapper - Loaded default TestExecutionListener class names from location [META-INF/spring.factories]: [org.springframework.boot.test.mock.mockito.MockitoTestExecutionListener, org.springframework.boot.test.mock.mockito.ResetMocksTestExecutionListener, org.springframework.boot.test.autoconfigure.restdocs.RestDocsTestExecutionListener, org.springframework.boot.test.autoconfigure.web.client.MockRestServiceServerResetTestExecutionListener, org.springframework.boot.test.autoconfigure.web.servlet.MockMvcPrintOnlyOnFailureTestExecutionListener, org.springframework.boot.test.autoconfigure.web.servlet.WebDriverTestExecutionListener, org.springframework.boot.test.autoconfigure.webservices.client.MockWebServiceServerTestExecutionListener, org.springframework.test.context.web.ServletTestExecutionListener, org.springframework.test.context.support.DirtiesContextBeforeModesTestExecutionListener, org.springframework.test.context.event.ApplicationEventsTestExecutionListener, org.springframework.test.context.support.DependencyInjectionTestExecutionListener, org.springframework.test.context.support.DirtiesContextTestExecutionListener, org.springframework.test.context.transaction.TransactionalTestExecutionListener, org.springframework.test.context.jdbc.SqlScriptsTestExecutionListener, org.springframework.test.context.event.EventPublishingTestExecutionListener]
12.18. 10.30.38 [main] [INFO] o.s.b.t.c.SpringBootTestContextBootstrapper - Using TestExecutionListeners: [org.springframework.test.context.web.ServletTestExecutionListener@2b8a11d7, org.springframework.test.context.support.DirtiesContextBeforeModesTestExecutionListener@1391d95f, org.springframework.test.context.event.ApplicationEventsTestExecutionListener@416bff93, org.springframework.boot.test.mock.mockito.MockitoTestExecutionListener@5ef03158, org.springframework.boot.test.autoconfigure.SpringBootDependencyInjectionTestExecutionListener@258f97f8, org.springframework.test.context.support.DirtiesContextTestExecutionListener@38c9e937, org.springframework.test.context.transaction.TransactionalTestExecutionListener@26401eda, org.springframework.test.context.jdbc.SqlScriptsTestExecutionListener@79e591bb, org.springframework.test.context.event.EventPublishingTestExecutionListener@208ce928, org.springframework.boot.test.mock.mockito.ResetMocksTestExecutionListener@577b2c5f, org.springframework.boot.test.autoconfigure.restdocs.RestDocsTestExecutionListener@71eb4ea4, org.springframework.boot.test.autoconfigure.web.client.MockRestServiceServerResetTestExecutionListener@2456716b, org.springframework.boot.test.autoconfigure.web.servlet.MockMvcPrintOnlyOnFailureTestExecutionListener@63541960, org.springframework.boot.test.autoconfigure.web.servlet.WebDriverTestExecutionListener@6d43c881, org.springframework.boot.test.autoconfigure.webservices.client.MockWebServiceServerTestExecutionListener@467625e3]
12.18. 10.30.39 [SpringApplicationShutdownHook] [INFO] o.s.o.j.LocalContainerEntityManagerFactoryBean - Closing JPA EntityManagerFactory for persistence unit 'default'
12.18. 10.30.39 [SpringApplicationShutdownHook] [INFO] com.zaxxer.hikari.HikariDataSource - HikariPool-1 - Shutdown initiated...
12.18. 10.30.39 [SpringApplicationShutdownHook] [INFO] com.zaxxer.hikari.HikariDataSource - HikariPool-1 - Shutdown completed.
12.18. 10.32.02 [background-preinit] [INFO] o.h.validator.internal.util.Version - HV000001: Hibernate Validator 6.2.5.Final
12.18. 10.32.02 [restartedMain] [INFO] o.s.b.d.e.DevToolsPropertyDefaultsPostProcessor - Devtools property defaults active! Set 'spring.devtools.add-properties' to 'false' to disable
12.18. 10.32.02 [restartedMain] [INFO] o.s.b.d.e.DevToolsPropertyDefaultsPostProcessor - For additional web related logging consider setting the 'logging.level.web' property to 'DEBUG'
12.18. 10.32.03 [restartedMain] [INFO] o.s.d.r.c.RepositoryConfigurationDelegate - Bootstrapping Spring Data JPA repositories in DEFAULT mode.
12.18. 10.32.03 [restartedMain] [INFO] o.s.d.r.c.RepositoryConfigurationDelegate - Finished Spring Data repository scanning in 84 ms. Found 6 JPA repository interfaces.
12.18. 10.32.04 [restartedMain] [INFO] o.s.b.w.e.tomcat.TomcatWebServer - Tomcat initialized with port(s): 9090 (http)
12.18. 10.32.04 [restartedMain] [INFO] o.a.c.core.AprLifecycleListener - Loaded Apache Tomcat Native library [2.0.3] using APR version [1.7.2].
12.18. 10.32.04 [restartedMain] [INFO] o.a.c.core.AprLifecycleListener - APR capabilities: IPv6 [true], sendfile [true], accept filters [false], random [true], UDS [true].
12.18. 10.32.04 [restartedMain] [INFO] o.a.c.core.AprLifecycleListener - APR/OpenSSL configuration: useAprConnector [false], useOpenSSL [true]
12.18. 10.32.04 [restartedMain] [INFO] o.a.c.core.AprLifecycleListener - OpenSSL successfully initialized [OpenSSL 3.0.8 7 Feb 2023]
12.18. 10.32.04 [restartedMain] [INFO] o.a.coyote.http11.Http11NioProtocol - Initializing ProtocolHandler ["http-nio-9090"]
12.18. 10.32.04 [restartedMain] [INFO] o.a.catalina.core.StandardService - Starting service [Tomcat]
12.18. 10.32.04 [restartedMain] [INFO] o.a.catalina.core.StandardEngine - Starting Servlet engine: [Apache Tomcat/9.0.71]
12.18. 10.32.04 [restartedMain] [INFO] o.a.c.c.C.[Tomcat].[localhost].[/] - Initializing Spring embedded WebApplicationContext
12.18. 10.32.04 [restartedMain] [INFO] o.s.b.w.s.c.ServletWebServerApplicationContext - Root WebApplicationContext: initialization completed in 2357 ms
12.18. 10.32.04 [restartedMain] [INFO] o.h.jpa.internal.util.LogHelper - HHH000204: Processing PersistenceUnitInfo [name: default]
12.18. 10.32.05 [restartedMain] [INFO] org.hibernate.Version - HHH000412: Hibernate ORM core version 5.6.14.Final
12.18. 10.32.05 [restartedMain] [INFO] o.h.annotations.common.Version - HCANN000001: Hibernate Commons Annotations {5.1.2.Final}
12.18. 10.32.05 [restartedMain] [INFO] com.zaxxer.hikari.HikariDataSource - HikariPool-1 - Starting...
12.18. 10.32.05 [restartedMain] [INFO] com.zaxxer.hikari.HikariDataSource - HikariPool-1 - Start completed.
12.18. 10.32.05 [restartedMain] [INFO] org.hibernate.dialect.Dialect - HHH000400: Using dialect: org.hibernate.dialect.MySQL8Dialect
12.18. 10.32.06 [restartedMain] [INFO] o.h.e.t.j.p.i.JtaPlatformInitiator - HHH000490: Using JtaPlatform implementation: [org.hibernate.engine.transaction.jta.platform.internal.NoJtaPlatform]
12.18. 10.32.06 [restartedMain] [INFO] o.s.o.j.LocalContainerEntityManagerFactoryBean - Initialized JPA EntityManagerFactory for persistence unit 'default'
12.18. 10.32.07 [restartedMain] [INFO] o.s.s.web.DefaultSecurityFilterChain - Will secure any request with [org.springframework.security.web.session.DisableEncodeUrlFilter@7bc82bca, org.springframework.security.web.context.request.async.WebAsyncManagerIntegrationFilter@79998c96, org.springframework.security.web.context.SecurityContextPersistenceFilter@51794a1b, org.springframework.security.web.header.HeaderWriterFilter@30910b8e, org.springframework.security.web.authentication.logout.LogoutFilter@603a8189, org.springframework.security.web.savedrequest.RequestCacheAwareFilter@7fc67fdd, org.springframework.security.web.servletapi.SecurityContextHolderAwareRequestFilter@23100f4d, org.springframework.security.web.authentication.AnonymousAuthenticationFilter@5d9673f0, org.springframework.security.web.session.SessionManagementFilter@5a94a6f5, org.springframework.security.web.access.ExceptionTranslationFilter@19f7d7dd, org.springframework.security.web.access.intercept.AuthorizationFilter@4e898b5e]
12.18. 10.32.07 [restartedMain] [WARN] o.s.b.a.o.j.JpaBaseConfiguration$JpaWebConfiguration - spring.jpa.open-in-view is enabled by default. Therefore, database queries may be performed during view rendering. Explicitly configure spring.jpa.open-in-view to disable this warning
12.18. 10.32.08 [restartedMain] [INFO] o.s.b.d.a.OptionalLiveReloadServer - LiveReload server is running on port 35729
12.18. 10.32.08 [restartedMain] [INFO] o.a.coyote.http11.Http11NioProtocol - Starting ProtocolHandler ["http-nio-9090"]
12.18. 10.32.08 [restartedMain] [INFO] o.s.b.w.e.tomcat.TomcatWebServer - Tomcat started on port(s): 9090 (http) with context path ''
12.18. 10.33.20 [File Watcher] [INFO] o.s.b.d.a.LocalDevToolsAutoConfiguration$RestartingClassPathChangeChangedEventListener - Restarting due to 1 class path change (0 additions, 0 deletions, 1 modification)
12.18. 10.33.20 [Thread-5] [INFO] o.a.coyote.http11.Http11NioProtocol - Pausing ProtocolHandler ["http-nio-9090"]
12.18. 10.33.20 [Thread-5] [INFO] o.a.catalina.core.StandardService - Stopping service [Tomcat]
12.18. 10.33.20 [Thread-5] [INFO] o.a.coyote.http11.Http11NioProtocol - Stopping ProtocolHandler ["http-nio-9090"]
12.18. 10.33.20 [Thread-5] [INFO] o.a.coyote.http11.Http11NioProtocol - Destroying ProtocolHandler ["http-nio-9090"]
12.18. 10.33.20 [Thread-5] [INFO] o.s.o.j.LocalContainerEntityManagerFactoryBean - Closing JPA EntityManagerFactory for persistence unit 'default'
12.18. 10.33.20 [Thread-5] [INFO] com.zaxxer.hikari.HikariDataSource - HikariPool-1 - Shutdown initiated...
12.18. 10.33.20 [Thread-5] [INFO] com.zaxxer.hikari.HikariDataSource - HikariPool-1 - Shutdown completed.
